[debug] [2023-12-08T08:55:53.637Z] ----------------------------------------------------------------------
[debug] [2023-12-08T08:55:53.639Z] Command:       C:\Program Files\nodejs\node.exe C:\Users\nhild\AppData\Roaming\npm\node_modules\firebase-tools\lib\bin\firebase.js deploy
[debug] [2023-12-08T08:55:53.640Z] CLI Version:   12.9.1
[debug] [2023-12-08T08:55:53.640Z] Platform:      win32
[debug] [2023-12-08T08:55:53.640Z] Node Version:  v20.9.0
[debug] [2023-12-08T08:55:53.640Z] Time:          Fri Dec 08 2023 00:55:53 GMT-0800 (Pacific Standard Time)
[debug] [2023-12-08T08:55:53.640Z] ----------------------------------------------------------------------
[debug] 
[debug] [2023-12-08T08:55:53.708Z] > command requires scopes: ["email","openid","https://www.googleapis.com/auth/cloudplatformprojects.readonly","https://www.googleapis.com/auth/firebase","https://www.googleapis.com/auth/cloud-platform"]
[debug] [2023-12-08T08:55:53.708Z] > authorizing via signed-in user (nathan.hilde1@gmail.com)
[debug] [2023-12-08T08:55:53.708Z] [iam] checking project bby05-330cd for permissions ["datastore.indexes.create","datastore.indexes.delete","datastore.indexes.list","datastore.indexes.update","firebase.projects.get","firebasehosting.sites.update","firebaserules.releases.create","firebaserules.releases.update","firebaserules.rulesets.create"]
[debug] [2023-12-08T08:55:53.710Z] > refreshing access token with scopes: []
[debug] [2023-12-08T08:55:53.712Z] >>> [apiv2][query] POST https://www.googleapis.com/oauth2/v3/token [none]
[debug] [2023-12-08T08:55:53.712Z] >>> [apiv2][body] POST https://www.googleapis.com/oauth2/v3/token [omitted]
[debug] [2023-12-08T08:55:53.894Z] <<< [apiv2][status] POST https://www.googleapis.com/oauth2/v3/token 200
[debug] [2023-12-08T08:55:53.895Z] <<< [apiv2][body] POST https://www.googleapis.com/oauth2/v3/token [omitted]
[debug] [2023-12-08T08:55:53.901Z] >>> [apiv2][query] POST https://cloudresourcemanager.googleapis.com/v1/projects/bby05-330cd:testIamPermissions [none]
[debug] [2023-12-08T08:55:53.901Z] >>> [apiv2][(partial)header] POST https://cloudresourcemanager.googleapis.com/v1/projects/bby05-330cd:testIamPermissions x-goog-quota-user=projects/bby05-330cd
[debug] [2023-12-08T08:55:53.901Z] >>> [apiv2][body] POST https://cloudresourcemanager.googleapis.com/v1/projects/bby05-330cd:testIamPermissions {"permissions":["datastore.indexes.create","datastore.indexes.delete","datastore.indexes.list","datastore.indexes.update","firebase.projects.get","firebasehosting.sites.update","firebaserules.releases.create","firebaserules.releases.update","firebaserules.rulesets.create"]}
[debug] [2023-12-08T08:55:54.045Z] <<< [apiv2][status] POST https://cloudresourcemanager.googleapis.com/v1/projects/bby05-330cd:testIamPermissions 200
[debug] [2023-12-08T08:55:54.045Z] <<< [apiv2][body] POST https://cloudresourcemanager.googleapis.com/v1/projects/bby05-330cd:testIamPermissions {"permissions":["datastore.indexes.create","datastore.indexes.delete","datastore.indexes.list","datastore.indexes.update","firebase.projects.get","firebasehosting.sites.update","firebaserules.releases.create","firebaserules.releases.update","firebaserules.rulesets.create"]}
[debug] [2023-12-08T08:55:54.046Z] >>> [apiv2][query] GET https://firebase.googleapis.com/v1beta1/projects/bby05-330cd [none]
[debug] [2023-12-08T08:55:54.181Z] <<< [apiv2][status] GET https://firebase.googleapis.com/v1beta1/projects/bby05-330cd 200
[debug] [2023-12-08T08:55:54.181Z] <<< [apiv2][body] GET https://firebase.googleapis.com/v1beta1/projects/bby05-330cd {"projectId":"bby05-330cd","projectNumber":"874068680663","displayName":"BBY05","name":"projects/bby05-330cd","resources":{"hostingSite":"bby05-330cd","storageBucket":"bby05-330cd.appspot.com","locationId":"us-central"},"state":"ACTIVE","etag":"1_f6be08ac-c8dd-4452-9e55-e9629aedd345"}
[info] 
[info] === Deploying to 'bby05-330cd'...
[info] 
[info] i  deploying storage, firestore, hosting 
[debug] [2023-12-08T08:55:54.184Z] >>> [apiv2][query] GET https://firebase.googleapis.com/v1beta1/projects/bby05-330cd [none]
[debug] [2023-12-08T08:55:54.288Z] <<< [apiv2][status] GET https://firebase.googleapis.com/v1beta1/projects/bby05-330cd 200
[debug] [2023-12-08T08:55:54.289Z] <<< [apiv2][body] GET https://firebase.googleapis.com/v1beta1/projects/bby05-330cd {"projectId":"bby05-330cd","projectNumber":"874068680663","displayName":"BBY05","name":"projects/bby05-330cd","resources":{"hostingSite":"bby05-330cd","storageBucket":"bby05-330cd.appspot.com","locationId":"us-central"},"state":"ACTIVE","etag":"1_f6be08ac-c8dd-4452-9e55-e9629aedd345"}
[info] i  firebase.storage: checking storage.rules for compilation errors... 
[debug] [2023-12-08T08:55:54.290Z] >>> [apiv2][query] POST https://firebaserules.googleapis.com/v1/projects/bby05-330cd:test [none]
[debug] [2023-12-08T08:55:54.290Z] >>> [apiv2][body] POST https://firebaserules.googleapis.com/v1/projects/bby05-330cd:test [omitted]
[debug] [2023-12-08T08:55:54.634Z] <<< [apiv2][status] POST https://firebaserules.googleapis.com/v1/projects/bby05-330cd:test 200
[debug] [2023-12-08T08:55:54.634Z] <<< [apiv2][body] POST https://firebaserules.googleapis.com/v1/projects/bby05-330cd:test {}
[info] +  firebase.storage: rules file storage.rules compiled successfully 
[info] i  firestore: reading indexes from firestore.indexes.json... 
[info] i  cloud.firestore: checking firestore.rules for compilation errors... 
[debug] [2023-12-08T08:55:54.637Z] >>> [apiv2][query] POST https://firebaserules.googleapis.com/v1/projects/bby05-330cd:test [none]
[debug] [2023-12-08T08:55:54.637Z] >>> [apiv2][body] POST https://firebaserules.googleapis.com/v1/projects/bby05-330cd:test [omitted]
[debug] [2023-12-08T08:55:54.754Z] <<< [apiv2][status] POST https://firebaserules.googleapis.com/v1/projects/bby05-330cd:test 200
[debug] [2023-12-08T08:55:54.755Z] <<< [apiv2][body] POST https://firebaserules.googleapis.com/v1/projects/bby05-330cd:test {}
[info] +  cloud.firestore: rules file firestore.rules compiled successfully 
[debug] [2023-12-08T08:55:54.758Z] >>> [apiv2][query] POST https://firebasehosting.googleapis.com/v1beta1/projects/-/sites/bby05-330cd/versions [none]
[debug] [2023-12-08T08:55:54.758Z] >>> [apiv2][body] POST https://firebasehosting.googleapis.com/v1beta1/projects/-/sites/bby05-330cd/versions {"status":"CREATED","labels":{"deployment-tool":"cli-firebase"}}
[debug] [2023-12-08T08:55:55.899Z] <<< [apiv2][status] POST https://firebasehosting.googleapis.com/v1beta1/projects/-/sites/bby05-330cd/versions 200
[debug] [2023-12-08T08:55:55.899Z] <<< [apiv2][body] POST https://firebasehosting.googleapis.com/v1beta1/projects/-/sites/bby05-330cd/versions {"name":"projects/874068680663/sites/bby05-330cd/versions/077e7ea3cd76284a","status":"CREATED","config":{},"labels":{"deployment-tool":"cli-firebase"}}
[debug] [2023-12-08T08:55:55.901Z] >>> [apiv2][query] GET https://firebaserules.googleapis.com/v1/projects/bby05-330cd/releases pageSize=10&pageToken=
[debug] [2023-12-08T08:55:56.002Z] <<< [apiv2][status] GET https://firebaserules.googleapis.com/v1/projects/bby05-330cd/releases 200
[debug] [2023-12-08T08:55:56.002Z] <<< [apiv2][body] GET https://firebaserules.googleapis.com/v1/projects/bby05-330cd/releases {"releases":[{"name":"projects/bby05-330cd/releases/cloud.firestore","rulesetName":"projects/bby05-330cd/rulesets/2602b540-348a-44c4-b6bd-3daa48dd3577","createTime":"2023-11-06T20:35:08.116428Z","updateTime":"2023-12-08T06:13:49.885070Z"},{"name":"projects/bby05-330cd/releases/firebase.storage/bby05-330cd.appspot.com","rulesetName":"projects/bby05-330cd/rulesets/b9a92960-8f46-40db-ae33-0d615fe5fbc5","createTime":"2023-11-15T00:43:16.924780Z","updateTime":"2023-12-08T06:13:49.753054Z"}]}
[debug] [2023-12-08T08:55:56.013Z] >>> [apiv2][query] GET https://firebaserules.googleapis.com/v1/projects/bby05-330cd/rulesets/b9a92960-8f46-40db-ae33-0d615fe5fbc5 [none]
[debug] [2023-12-08T08:55:56.283Z] <<< [apiv2][status] GET https://firebaserules.googleapis.com/v1/projects/bby05-330cd/rulesets/b9a92960-8f46-40db-ae33-0d615fe5fbc5 200
[debug] [2023-12-08T08:55:56.283Z] <<< [apiv2][body] GET https://firebaserules.googleapis.com/v1/projects/bby05-330cd/rulesets/b9a92960-8f46-40db-ae33-0d615fe5fbc5 [omitted]
[info] i  storage: latest version of storage.rules already up to date, skipping upload... 
[info] i  firestore: deploying indexes... 
[debug] [2023-12-08T08:55:56.288Z] >>> [apiv2][query] GET https://firebaserules.googleapis.com/v1/projects/bby05-330cd/releases pageSize=10&pageToken=
[debug] [2023-12-08T08:55:56.289Z] >>> [apiv2][query] GET https://firestore.googleapis.com/v1/projects/bby05-330cd/databases/(default)/collectionGroups/-/indexes [none]
[debug] [2023-12-08T08:55:56.551Z] <<< [apiv2][status] GET https://firebaserules.googleapis.com/v1/projects/bby05-330cd/releases 200
[debug] [2023-12-08T08:55:56.551Z] <<< [apiv2][body] GET https://firebaserules.googleapis.com/v1/projects/bby05-330cd/releases {"releases":[{"name":"projects/bby05-330cd/releases/cloud.firestore","rulesetName":"projects/bby05-330cd/rulesets/2602b540-348a-44c4-b6bd-3daa48dd3577","createTime":"2023-11-06T20:35:08.116428Z","updateTime":"2023-12-08T06:13:49.885070Z"},{"name":"projects/bby05-330cd/releases/firebase.storage/bby05-330cd.appspot.com","rulesetName":"projects/bby05-330cd/rulesets/b9a92960-8f46-40db-ae33-0d615fe5fbc5","createTime":"2023-11-15T00:43:16.924780Z","updateTime":"2023-12-08T06:13:49.753054Z"}]}
[debug] [2023-12-08T08:55:56.552Z] >>> [apiv2][query] GET https://firebaserules.googleapis.com/v1/projects/bby05-330cd/rulesets/2602b540-348a-44c4-b6bd-3daa48dd3577 [none]
[debug] [2023-12-08T08:55:56.677Z] <<< [apiv2][status] GET https://firestore.googleapis.com/v1/projects/bby05-330cd/databases/(default)/collectionGroups/-/indexes 200
[debug] [2023-12-08T08:55:56.677Z] <<< [apiv2][body] GET https://firestore.googleapis.com/v1/projects/bby05-330cd/databases/(default)/collectionGroups/-/indexes {}
[debug] [2023-12-08T08:55:56.678Z] >>> [apiv2][query] GET https://firestore.googleapis.com/v1/projects/bby05-330cd/databases/(default)/collectionGroups/-/fields?filter=indexConfig.usesAncestorConfig=false OR ttlConfig:* [none]
[debug] [2023-12-08T08:55:56.829Z] <<< [apiv2][status] GET https://firebaserules.googleapis.com/v1/projects/bby05-330cd/rulesets/2602b540-348a-44c4-b6bd-3daa48dd3577 200
[debug] [2023-12-08T08:55:56.829Z] <<< [apiv2][body] GET https://firebaserules.googleapis.com/v1/projects/bby05-330cd/rulesets/2602b540-348a-44c4-b6bd-3daa48dd3577 [omitted]
[info] i  firestore: latest version of firestore.rules already up to date, skipping upload... 
[debug] [2023-12-08T08:55:56.862Z] <<< [apiv2][status] GET https://firestore.googleapis.com/v1/projects/bby05-330cd/databases/(default)/collectionGroups/-/fields?filter=indexConfig.usesAncestorConfig=false OR ttlConfig:* 200
